<?xml version="1.0" encoding="UTF-8"?>
<!-- Generated by org.testng.reporters.JUnitReportReporter -->
<testsuite hostname="Tim-Desktop" failures="0" tests="6" name="DynamicJson" time="6.014" errors="0" timestamp="2022-09-05T22:45:12 IDT" skipped="0">
  <testcase classname="DynamicJson" name="addBook" time="2.138"/>
  <system-out/>
  <testcase classname="DynamicJson" name="deleteBook" time="0.699"/>
  <system-out/>
  <testcase classname="DynamicJson" name="deleteBook" time="0.806"/>
  <system-out/>
  <testcase classname="DynamicJson" name="addBook" time="0.801"/>
  <system-out/>
  <testcase classname="DynamicJson" name="deleteBook" time="0.818"/>
  <system-out/>
  <testcase classname="DynamicJson" name="addBook" time="0.752"/>
  <system-out/>
</testsuite> <!-- DynamicJson -->
