<?xml version="1.0" encoding="UTF-8"?>
<!-- Generated by org.testng.reporters.JUnitReportReporter -->
<testsuite hostname="Tim-Desktop" failures="0" tests="4" name="JIRA.JiraTest" time="0.785" errors="0" timestamp="2022-09-18T15:02:48 IDT" skipped="1">
  <testcase classname="JIRA.JiraTest" name="Test1AddComment" time="0.430"/>
  <system-out/>
  <testcase classname="JIRA.JiraTest" name="Test3GetIssueDetails" time="0.262"/>
  <system-out/>
  <testcase classname="JIRA.JiraTest" name="Test4GetComment" time="0.093"/>
  <system-out/>
  <testcase classname="JIRA.JiraTest" name="Test2AddAttachment">
    <skipped/>
  </testcase> <!-- Test2AddAttachment -->
  <system-out/>
</testsuite> <!-- JIRA.JiraTest -->
