<?xml version="1.0" encoding="UTF-8"?>
<!-- Generated by org.testng.reporters.JUnitReportReporter -->
<testsuite hostname="Tim-Desktop" failures="0" tests="2" name="oauth.OAuth" time="2.870" errors="0" timestamp="2022-09-18T14:49:55 IDT" skipped="1">
  <testcase classname="oauth.OAuth" name="TestOAuthGrantTypeAuthorizationCode" time="2.870"/>
  <system-out/>
  <testcase classname="oauth.OAuth" name="TestOAuthGrantTypeClientCredentials">
    <skipped/>
  </testcase> <!-- TestOAuthGrantTypeClientCredentials -->
  <system-out/>
</testsuite> <!-- oauth.OAuth -->
