<?xml version="1.0" encoding="UTF-8"?>
<!-- Generated by org.testng.reporters.JUnitReportReporter -->
<testsuite hostname="Tim-Desktop" failures="0" tests="3" name="JIRA.JiraTest" time="0.672" errors="0" timestamp="2022-09-11T22:03:37 IDT" skipped="1">
  <testcase classname="JIRA.JiraTest" name="Test1LoginAndAddComment" time="0.406"/>
  <system-out/>
  <testcase classname="JIRA.JiraTest" name="Test3GetIssueDetails" time="0.266"/>
  <system-out/>
  <testcase classname="JIRA.JiraTest" name="Test2AddAttachment">
    <skipped/>
  </testcase> <!-- Test2AddAttachment -->
  <system-out/>
</testsuite> <!-- JIRA.JiraTest -->
