<?xml version="1.0" encoding="UTF-8"?>
<!-- Generated by org.testng.reporters.JUnitReportReporter -->
<testsuite hostname="Tim-Desktop" failures="0" tests="1" name="serialization.SerializeTests" time="1.861" errors="0" timestamp="2022-09-22T16:31:27 IDT" skipped="0">
  <testcase classname="serialization.SerializeTests" name="Test1" time="1.861"/>
  <system-out/>
</testsuite> <!-- serialization.SerializeTests -->
