<?xml version="1.0" encoding="UTF-8"?>
<!-- Generated by org.testng.reporters.JUnitReportReporter -->
<testsuite hostname="Tim-Desktop" failures="0" tests="1" name="oauth.OAuth" time="2.523" errors="0" timestamp="2022-09-13T20:38:58 IDT" skipped="0">
  <testcase classname="oauth.OAuth" name="TestOAuth" time="2.523"/>
  <system-out/>
</testsuite> <!-- oauth.OAuth -->
