<?xml version="1.0" encoding="UTF-8"?>
<!-- Generated by org.testng.reporters.JUnitReportReporter -->
<testsuite hostname="Tim-Desktop" failures="0" tests="6" name="DynamicJson" time="6.246" errors="0" timestamp="2022-09-11T12:23:07 IDT" skipped="0">
  <testcase classname="DynamicJson" name="deleteBook" time="0.728"/>
  <system-out/>
  <testcase classname="DynamicJson" name="deleteBook" time="0.782"/>
  <system-out/>
  <testcase classname="DynamicJson" name="addBook" time="2.325"/>
  <system-out/>
  <testcase classname="DynamicJson" name="deleteBook" time="0.709"/>
  <system-out/>
  <testcase classname="DynamicJson" name="addBook" time="0.867"/>
  <system-out/>
  <testcase classname="DynamicJson" name="addBook" time="0.835"/>
  <system-out/>
</testsuite> <!-- DynamicJson -->
